  main.cpp
C:\Users\wengchuan.DESKTOP-7JNLF1S.000\Documents\Degree Sem1\Workshop1\Restaurant Management System\Restaurant Management System\main.cpp(741,7): warning C4101: 'choice': unreferenced local variable
C:\Users\wengchuan.DESKTOP-7JNLF1S.000\Documents\Degree Sem1\Workshop1\Restaurant Management System\Restaurant Management System\main.cpp(889,28): warning C4244: '=': conversion from 'my_ulonglong' to 'int', possible loss of data
C:\Users\wengchuan.DESKTOP-7JNLF1S.000\Documents\Degree Sem1\Workshop1\Restaurant Management System\Restaurant Management System\main.cpp(1127,15): warning C4244: 'initializing': conversion from 'double' to 'int', possible loss of data
C:\Users\wengchuan.DESKTOP-7JNLF1S.000\Documents\Degree Sem1\Workshop1\Restaurant Management System\Restaurant Management System\main.cpp(1184,33): warning C4244: 'argument': conversion from 'int' to 'HPDF_REAL', possible loss of data
C:\Users\wengchuan.DESKTOP-7JNLF1S.000\Documents\Degree Sem1\Workshop1\Restaurant Management System\Restaurant Management System\main.cpp(1189,32): warning C4244: 'argument': conversion from 'int' to 'HPDF_REAL', possible loss of data
C:\Users\wengchuan.DESKTOP-7JNLF1S.000\Documents\Degree Sem1\Workshop1\Restaurant Management System\Restaurant Management System\main.cpp(1192,32): warning C4244: 'argument': conversion from 'int' to 'HPDF_REAL', possible loss of data
C:\Users\wengchuan.DESKTOP-7JNLF1S.000\Documents\Degree Sem1\Workshop1\Restaurant Management System\Restaurant Management System\main.cpp(1194,33): warning C4244: 'argument': conversion from 'int' to 'HPDF_REAL', possible loss of data
C:\Users\wengchuan.DESKTOP-7JNLF1S.000\Documents\Degree Sem1\Workshop1\Restaurant Management System\Restaurant Management System\main.cpp(1197,32): warning C4244: 'argument': conversion from 'int' to 'HPDF_REAL', possible loss of data
C:\Users\wengchuan.DESKTOP-7JNLF1S.000\Documents\Degree Sem1\Workshop1\Restaurant Management System\Restaurant Management System\main.cpp(1202,64): warning C4305: 'initializing': truncation from 'double' to 'float'
C:\Users\wengchuan.DESKTOP-7JNLF1S.000\Documents\Degree Sem1\Workshop1\Restaurant Management System\Restaurant Management System\main.cpp(1203,65): warning C4305: 'initializing': truncation from 'double' to 'float'
C:\Users\wengchuan.DESKTOP-7JNLF1S.000\Documents\Degree Sem1\Workshop1\Restaurant Management System\Restaurant Management System\main.cpp(1204,69): warning C4305: 'initializing': truncation from 'double' to 'float'
C:\Users\wengchuan.DESKTOP-7JNLF1S.000\Documents\Degree Sem1\Workshop1\Restaurant Management System\Restaurant Management System\main.cpp(1210,33): warning C4244: 'argument': conversion from 'int' to 'HPDF_REAL', possible loss of data
C:\Users\wengchuan.DESKTOP-7JNLF1S.000\Documents\Degree Sem1\Workshop1\Restaurant Management System\Restaurant Management System\main.cpp(1214,15): warning C4244: 'initializing': conversion from 'double' to 'int', possible loss of data
C:\Users\wengchuan.DESKTOP-7JNLF1S.000\Documents\Degree Sem1\Workshop1\Restaurant Management System\Restaurant Management System\main.cpp(1215,39): warning C4244: 'argument': conversion from 'int' to 'HPDF_REAL', possible loss of data
C:\Users\wengchuan.DESKTOP-7JNLF1S.000\Documents\Degree Sem1\Workshop1\Restaurant Management System\Restaurant Management System\main.cpp(1215,36): warning C4244: 'argument': conversion from 'int' to 'HPDF_REAL', possible loss of data
C:\Users\wengchuan.DESKTOP-7JNLF1S.000\Documents\Degree Sem1\Workshop1\Restaurant Management System\Restaurant Management System\main.cpp(1219,48): warning C4244: 'argument': conversion from 'int' to 'HPDF_REAL', possible loss of data
C:\Users\wengchuan.DESKTOP-7JNLF1S.000\Documents\Degree Sem1\Workshop1\Restaurant Management System\Restaurant Management System\main.cpp(1219,42): warning C4244: 'argument': conversion from 'int' to 'HPDF_REAL', possible loss of data
C:\Users\wengchuan.DESKTOP-7JNLF1S.000\Documents\Degree Sem1\Workshop1\Restaurant Management System\Restaurant Management System\main.cpp(1227,33): warning C4244: 'argument': conversion from 'int' to 'HPDF_REAL', possible loss of data
C:\Users\wengchuan.DESKTOP-7JNLF1S.000\Documents\Degree Sem1\Workshop1\Restaurant Management System\Restaurant Management System\main.cpp(1235,34): warning C4244: 'argument': conversion from 'int' to 'HPDF_REAL', possible loss of data
C:\Users\wengchuan.DESKTOP-7JNLF1S.000\Documents\Degree Sem1\Workshop1\Restaurant Management System\Restaurant Management System\main.cpp(1240,33): warning C4244: 'argument': conversion from 'int' to 'HPDF_REAL', possible loss of data
C:\Users\wengchuan.DESKTOP-7JNLF1S.000\Documents\Degree Sem1\Workshop1\Restaurant Management System\Restaurant Management System\main.cpp(1253,33): warning C4244: 'argument': conversion from 'int' to 'HPDF_REAL', possible loss of data
C:\Users\wengchuan.DESKTOP-7JNLF1S.000\Documents\Degree Sem1\Workshop1\Restaurant Management System\Restaurant Management System\main.cpp(1261,34): warning C4244: 'argument': conversion from 'int' to 'HPDF_REAL', possible loss of data
C:\Users\wengchuan.DESKTOP-7JNLF1S.000\Documents\Degree Sem1\Workshop1\Restaurant Management System\Restaurant Management System\main.cpp(1266,33): warning C4244: 'argument': conversion from 'int' to 'HPDF_REAL', possible loss of data
  Restaurant Management System.vcxproj -> C:\Users\wengchuan.DESKTOP-7JNLF1S.000\Documents\Degree Sem1\Workshop1\Restaurant Management System\x64\Debug\Restaurant Management System.exe
